Detecting C OpenMP version failed with the following output:
Change Dir: /Users/goldy/Dev/Projects/C++/objRecon/cmake-build-debug/CMakeFiles/CMakeTmp

Run Build Command(s):/usr/bin/make cmTC_be71b/fast && /Library/Developer/CommandLineTools/usr/bin/make  -f CMakeFiles/cmTC_be71b.dir/build.make CMakeFiles/cmTC_be71b.dir/build
Building C object CMakeFiles/cmTC_be71b.dir/OpenMPCheckVersion.c.o
/Library/Developer/CommandLineTools/usr/bin/cc   -fopenmp=libomp -Wno-unused-command-line-argument -isysroot /Library/Developer/CommandLineTools/SDKs/MacOSX10.15.sdk   -o CMakeFiles/cmTC_be71b.dir/OpenMPCheckVersion.c.o   -c /Users/goldy/Dev/Projects/C++/objRecon/cmake-build-debug/CMakeFiles/FindOpenMP/OpenMPCheckVersion.c
clang: error: unsupported argument 'libomp' to option 'fopenmp='
make[1]: *** [CMakeFiles/cmTC_be71b.dir/OpenMPCheckVersion.c.o] Error 1
make: *** [cmTC_be71b/fast] Error 2



Detecting CXX OpenMP version failed with the following output:
Change Dir: /Users/goldy/Dev/Projects/C++/objRecon/cmake-build-debug/CMakeFiles/CMakeTmp

Run Build Command(s):/usr/bin/make cmTC_0ba20/fast && /Library/Developer/CommandLineTools/usr/bin/make  -f CMakeFiles/cmTC_0ba20.dir/build.make CMakeFiles/cmTC_0ba20.dir/build
Building CXX object CMakeFiles/cmTC_0ba20.dir/OpenMPCheckVersion.cpp.o
/Library/Developer/CommandLineTools/usr/bin/c++    -fopenmp=libomp -Wno-unused-command-line-argument -isysroot /Library/Developer/CommandLineTools/SDKs/MacOSX10.15.sdk   -std=gnu++17 -o CMakeFiles/cmTC_0ba20.dir/OpenMPCheckVersion.cpp.o -c /Users/goldy/Dev/Projects/C++/objRecon/cmake-build-debug/CMakeFiles/FindOpenMP/OpenMPCheckVersion.cpp
clang: error: unsupported argument 'libomp' to option 'fopenmp='
make[1]: *** [CMakeFiles/cmTC_0ba20.dir/OpenMPCheckVersion.cpp.o] Error 1
make: *** [cmTC_0ba20/fast] Error 2



Detecting C OpenMP version failed with the following output:
Change Dir: /Users/goldy/Dev/Projects/C++/objRecon/cmake-build-debug/CMakeFiles/CMakeTmp

Run Build Command(s):/usr/bin/make cmTC_8d096/fast && /Library/Developer/CommandLineTools/usr/bin/make  -f CMakeFiles/cmTC_8d096.dir/build.make CMakeFiles/cmTC_8d096.dir/build
Building C object CMakeFiles/cmTC_8d096.dir/OpenMPCheckVersion.c.o
/Library/Developer/CommandLineTools/usr/bin/cc   -fopenmp=libomp -Wno-unused-command-line-argument -isysroot /Library/Developer/CommandLineTools/SDKs/MacOSX10.15.sdk   -o CMakeFiles/cmTC_8d096.dir/OpenMPCheckVersion.c.o   -c /Users/goldy/Dev/Projects/C++/objRecon/cmake-build-debug/CMakeFiles/FindOpenMP/OpenMPCheckVersion.c
clang: error: unsupported argument 'libomp' to option 'fopenmp='
make[1]: *** [CMakeFiles/cmTC_8d096.dir/OpenMPCheckVersion.c.o] Error 1
make: *** [cmTC_8d096/fast] Error 2



Detecting CXX OpenMP version failed with the following output:
Change Dir: /Users/goldy/Dev/Projects/C++/objRecon/cmake-build-debug/CMakeFiles/CMakeTmp

Run Build Command(s):/usr/bin/make cmTC_aa0a5/fast && /Library/Developer/CommandLineTools/usr/bin/make  -f CMakeFiles/cmTC_aa0a5.dir/build.make CMakeFiles/cmTC_aa0a5.dir/build
Building CXX object CMakeFiles/cmTC_aa0a5.dir/OpenMPCheckVersion.cpp.o
/Library/Developer/CommandLineTools/usr/bin/c++    -fopenmp=libomp -Wno-unused-command-line-argument -isysroot /Library/Developer/CommandLineTools/SDKs/MacOSX10.15.sdk   -std=gnu++17 -o CMakeFiles/cmTC_aa0a5.dir/OpenMPCheckVersion.cpp.o -c /Users/goldy/Dev/Projects/C++/objRecon/cmake-build-debug/CMakeFiles/FindOpenMP/OpenMPCheckVersion.cpp
clang: error: unsupported argument 'libomp' to option 'fopenmp='
make[1]: *** [CMakeFiles/cmTC_aa0a5.dir/OpenMPCheckVersion.cpp.o] Error 1
make: *** [cmTC_aa0a5/fast] Error 2



Detecting C OpenMP version failed with the following output:
Change Dir: /Users/goldy/Dev/Projects/C++/objRecon/cmake-build-debug/CMakeFiles/CMakeTmp

Run Build Command(s):/usr/bin/make cmTC_99d6f/fast && /Library/Developer/CommandLineTools/usr/bin/make  -f CMakeFiles/cmTC_99d6f.dir/build.make CMakeFiles/cmTC_99d6f.dir/build
Building C object CMakeFiles/cmTC_99d6f.dir/OpenMPCheckVersion.c.o
/Library/Developer/CommandLineTools/usr/bin/cc   -fopenmp=libomp -Wno-unused-command-line-argument -isysroot /Library/Developer/CommandLineTools/SDKs/MacOSX10.15.sdk   -o CMakeFiles/cmTC_99d6f.dir/OpenMPCheckVersion.c.o   -c /Users/goldy/Dev/Projects/C++/objRecon/cmake-build-debug/CMakeFiles/FindOpenMP/OpenMPCheckVersion.c
clang: error: unsupported argument 'libomp' to option 'fopenmp='
make[1]: *** [CMakeFiles/cmTC_99d6f.dir/OpenMPCheckVersion.c.o] Error 1
make: *** [cmTC_99d6f/fast] Error 2



Detecting CXX OpenMP version failed with the following output:
Change Dir: /Users/goldy/Dev/Projects/C++/objRecon/cmake-build-debug/CMakeFiles/CMakeTmp

Run Build Command(s):/usr/bin/make cmTC_44fa1/fast && /Library/Developer/CommandLineTools/usr/bin/make  -f CMakeFiles/cmTC_44fa1.dir/build.make CMakeFiles/cmTC_44fa1.dir/build
Building CXX object CMakeFiles/cmTC_44fa1.dir/OpenMPCheckVersion.cpp.o
/Library/Developer/CommandLineTools/usr/bin/c++    -fopenmp=libomp -Wno-unused-command-line-argument -isysroot /Library/Developer/CommandLineTools/SDKs/MacOSX10.15.sdk   -std=gnu++17 -o CMakeFiles/cmTC_44fa1.dir/OpenMPCheckVersion.cpp.o -c /Users/goldy/Dev/Projects/C++/objRecon/cmake-build-debug/CMakeFiles/FindOpenMP/OpenMPCheckVersion.cpp
clang: error: unsupported argument 'libomp' to option 'fopenmp='
make[1]: *** [CMakeFiles/cmTC_44fa1.dir/OpenMPCheckVersion.cpp.o] Error 1
make: *** [cmTC_44fa1/fast] Error 2



Detecting C OpenMP version failed with the following output:
Change Dir: /Users/goldy/Dev/Projects/C++/objRecon/cmake-build-debug/CMakeFiles/CMakeTmp

Run Build Command(s):/usr/bin/make cmTC_6edce/fast && /Library/Developer/CommandLineTools/usr/bin/make  -f CMakeFiles/cmTC_6edce.dir/build.make CMakeFiles/cmTC_6edce.dir/build
Building C object CMakeFiles/cmTC_6edce.dir/OpenMPCheckVersion.c.o
/Library/Developer/CommandLineTools/usr/bin/cc   -fopenmp=libomp -Wno-unused-command-line-argument -isysroot /Library/Developer/CommandLineTools/SDKs/MacOSX10.15.sdk   -o CMakeFiles/cmTC_6edce.dir/OpenMPCheckVersion.c.o   -c /Users/goldy/Dev/Projects/C++/objRecon/cmake-build-debug/CMakeFiles/FindOpenMP/OpenMPCheckVersion.c
clang: error: unsupported argument 'libomp' to option 'fopenmp='
make[1]: *** [CMakeFiles/cmTC_6edce.dir/OpenMPCheckVersion.c.o] Error 1
make: *** [cmTC_6edce/fast] Error 2



Detecting CXX OpenMP version failed with the following output:
Change Dir: /Users/goldy/Dev/Projects/C++/objRecon/cmake-build-debug/CMakeFiles/CMakeTmp

Run Build Command(s):/usr/bin/make cmTC_78823/fast && /Library/Developer/CommandLineTools/usr/bin/make  -f CMakeFiles/cmTC_78823.dir/build.make CMakeFiles/cmTC_78823.dir/build
Building CXX object CMakeFiles/cmTC_78823.dir/OpenMPCheckVersion.cpp.o
/Library/Developer/CommandLineTools/usr/bin/c++    -fopenmp=libomp -Wno-unused-command-line-argument -isysroot /Library/Developer/CommandLineTools/SDKs/MacOSX10.15.sdk   -std=gnu++17 -o CMakeFiles/cmTC_78823.dir/OpenMPCheckVersion.cpp.o -c /Users/goldy/Dev/Projects/C++/objRecon/cmake-build-debug/CMakeFiles/FindOpenMP/OpenMPCheckVersion.cpp
clang: error: unsupported argument 'libomp' to option 'fopenmp='
make[1]: *** [CMakeFiles/cmTC_78823.dir/OpenMPCheckVersion.cpp.o] Error 1
make: *** [cmTC_78823/fast] Error 2



Detecting C OpenMP version failed with the following output:
Change Dir: /Users/goldy/Dev/Projects/C++/objRecon/cmake-build-debug/CMakeFiles/CMakeTmp

Run Build Command(s):/usr/bin/make cmTC_0299b/fast && /Library/Developer/CommandLineTools/usr/bin/make  -f CMakeFiles/cmTC_0299b.dir/build.make CMakeFiles/cmTC_0299b.dir/build
Building C object CMakeFiles/cmTC_0299b.dir/OpenMPCheckVersion.c.o
/Library/Developer/CommandLineTools/usr/bin/cc   -fopenmp=libomp -Wno-unused-command-line-argument -isysroot /Library/Developer/CommandLineTools/SDKs/MacOSX10.15.sdk   -o CMakeFiles/cmTC_0299b.dir/OpenMPCheckVersion.c.o   -c /Users/goldy/Dev/Projects/C++/objRecon/cmake-build-debug/CMakeFiles/FindOpenMP/OpenMPCheckVersion.c
clang: error: unsupported argument 'libomp' to option 'fopenmp='
make[1]: *** [CMakeFiles/cmTC_0299b.dir/OpenMPCheckVersion.c.o] Error 1
make: *** [cmTC_0299b/fast] Error 2



Detecting CXX OpenMP version failed with the following output:
Change Dir: /Users/goldy/Dev/Projects/C++/objRecon/cmake-build-debug/CMakeFiles/CMakeTmp

Run Build Command(s):/usr/bin/make cmTC_daf1e/fast && /Library/Developer/CommandLineTools/usr/bin/make  -f CMakeFiles/cmTC_daf1e.dir/build.make CMakeFiles/cmTC_daf1e.dir/build
Building CXX object CMakeFiles/cmTC_daf1e.dir/OpenMPCheckVersion.cpp.o
/Library/Developer/CommandLineTools/usr/bin/c++    -fopenmp=libomp -Wno-unused-command-line-argument -isysroot /Library/Developer/CommandLineTools/SDKs/MacOSX10.15.sdk   -std=gnu++17 -o CMakeFiles/cmTC_daf1e.dir/OpenMPCheckVersion.cpp.o -c /Users/goldy/Dev/Projects/C++/objRecon/cmake-build-debug/CMakeFiles/FindOpenMP/OpenMPCheckVersion.cpp
clang: error: unsupported argument 'libomp' to option 'fopenmp='
make[1]: *** [CMakeFiles/cmTC_daf1e.dir/OpenMPCheckVersion.cpp.o] Error 1
make: *** [cmTC_daf1e/fast] Error 2



